<?xml version="1.0" encoding="UTF-8"?>
<!-- Generated by org.testng.reporters.JUnitXMLReporter -->
<testsuite hostname="Rohit-PC" ignored="2" name="Default test" tests="1" failures="0" timestamp="13 Aug 2018 17:53:25 GMT" time="21.434" errors="0">
  <testcase name="explicitWait" time="21.336" classname="basics.Day_7"/>
  <testcase name="navigation" time="0.0" classname="basics.Day_7">
    <ignored/>
  </testcase> <!-- navigation -->
  <testcase name="takeScreenshot" time="0.0" classname="basics.Day_7">
    <ignored/>
  </testcase> <!-- takeScreenshot -->
</testsuite> <!-- Default test -->
