<?xml version="1.0" encoding="UTF-8"?>
<!-- Generated by org.testng.reporters.JUnitXMLReporter -->
<testsuite hostname="Rohit-PC" ignored="0" name="Default test" tests="4" failures="0" timestamp="14 Sep 2018 17:43:38 GMT" time="35.182" errors="0">
  <testcase name="dataProviderTest" time="0.956" classname="dataDriven.TestDataPovider"/>
  <testcase name="dataProviderTest" time="0.949" classname="dataDriven.TestDataPovider"/>
  <testcase name="dataProviderTest" time="0.906" classname="dataDriven.TestDataPovider"/>
  <testcase name="dataProviderTest" time="0.879" classname="dataDriven.TestDataPovider"/>
</testsuite> <!-- Default test -->
