<?xml version="1.0" encoding="UTF-8"?>
<!-- Generated by org.testng.reporters.JUnitXMLReporter -->
<testsuite hostname="ARPGL000810" ignored="2" name="Run test case as per the groups" tests="2" failures="0" timestamp="2022-06-29T12:52:26 IST" time="0.013" errors="0">
  <testcase name="testCase41" time="0.002" classname="testNG.Basic_Groups"/>
  <testcase name="testCase43" time="0.001" classname="testNG.Basic_Groups"/>
  <testcase name="testCase44" time="0.0" classname="testNG.Basic_Groups">
    <ignored/>
  </testcase> <!-- testCase44 -->
  <testcase name="testCase42" time="0.0" classname="testNG.Basic_Groups">
    <ignored/>
  </testcase> <!-- testCase42 -->
</testsuite> <!-- Run test case as per the groups -->
