<?xml version="1.0" encoding="UTF-8"?>
<!-- Generated by org.testng.reporters.JUnitXMLReporter -->
<testsuite hostname="ARPGL000810" ignored="0" name="Test Second" tests="3" failures="0" timestamp="2022-06-29T13:20:37 IST" time="0.022" errors="0">
  <testcase name="testD" time="0.002" classname="testNGAnnotation.TestTwo"/>
  <testcase name="testE" time="0.001" classname="testNGAnnotation.TestTwo"/>
  <testcase name="testF" time="0.002" classname="testNGAnnotation.TestTwo"/>
</testsuite> <!-- Test Second -->
