<?xml version="1.0" encoding="UTF-8"?>
<!-- Generated by org.testng.reporters.JUnitXMLReporter -->
<testsuite hostname="ARPGL000810" ignored="3" name="Test Basic" tests="13" failures="0" timestamp="2022-06-29T12:52:25 IST" time="0.12" errors="0">
  <testcase name="testCaseFine" time="0.019" classname="testNG.Basic_Two"/>
  <testcase name="testCaseEight" time="0.001" classname="testNG.Basic_Two"/>
  <testcase name="testCaseFourth" time="0.001" classname="testNG.Basic_Two"/>
  <testcase name="testCaseThird" time="0.002" classname="testNG.Basic_Two"/>
  <testcase name="testCaseSix" time="0.002" classname="testNG.Basic_One"/>
  <testcase name="testCaseFirst" time="0.001" classname="testNG.Basic_One"/>
  <testcase name="testCaseSecond" time="0.001" classname="testNG.Basic_One"/>
  <testcase name="testCaseSeven" time="0.002" classname="testNG.Basic_One"/>
  <testcase name="testCase33" time="0.001" classname="testNG.Basic_IncludeExcludeMethods"/>
  <testcase name="TestMango" time="0.001" classname="testNG.Basic_Parameter"/>
  <testcase name="TestOrange" time="0.001" classname="testNG.Basic_Parameter"/>
  <testcase name="testAdd" time="0.001" classname="testNG.Basic_Parameter"/>
  <testcase name="testSubstract" time="0.001" classname="testNG.Basic_Parameter"/>
  <testcase name="testCaseFifth" time="0.0" classname="testNG.Basic_One">
    <ignored/>
  </testcase> <!-- testCaseFifth -->
  <testcase name="testCase31" time="0.0" classname="testNG.Basic_IncludeExcludeMethods">
    <ignored/>
  </testcase> <!-- testCase31 -->
  <testcase name="testCase32" time="0.0" classname="testNG.Basic_IncludeExcludeMethods">
    <ignored/>
  </testcase> <!-- testCase32 -->
</testsuite> <!-- Test Basic -->
