<?xml version="1.0" encoding="UTF-8"?>
<!-- Generated by org.testng.reporters.JUnitXMLReporter -->
<testsuite hostname="ARPGL000810" ignored="4" name="Test First" tests="4" failures="0" timestamp="2022-06-29T13:20:37 IST" time="0.078" errors="0">
  <testcase name="testA" time="0.009" classname="testNGAnnotation.TestOne"/>
  <testcase name="testB" time="0.002" classname="testNGAnnotation.TestOne"/>
  <testcase name="testC" time="0.002" classname="testNGAnnotation.TestOne"/>
  <testcase name="testZ" time="0.001" classname="testNGAnnotation.TestThree"/>
  <testcase name="@BeforeSuite beforeSuite" time="0.0" classname="testNGAnnotation.TestBase">
    <ignored/>
  </testcase> <!-- @BeforeSuite beforeSuite -->
  <testcase name="@AfterTest afterTest" time="0.0" classname="testNGAnnotation.TestBase">
    <ignored/>
  </testcase> <!-- @AfterTest afterTest -->
  <testcase name="@AfterSuite afterSuite" time="0.0" classname="testNGAnnotation.TestBase">
    <ignored/>
  </testcase> <!-- @AfterSuite afterSuite -->
  <testcase name="@BeforeTest beforeTest" time="0.0" classname="testNGAnnotation.TestBase">
    <ignored/>
  </testcase> <!-- @BeforeTest beforeTest -->
</testsuite> <!-- Test First -->
