<?xml version="1.0" encoding="UTF-8"?>
<testng-results skipped="0" failed="0" ignored="0" total="1" passed="1">
  <reporter-output>
  </reporter-output>
  <suite name="Default suite" duration-ms="18822" started-at="2018-08-15T06:09:16Z" finished-at="2018-08-15T06:09:35Z">
    <groups>
    </groups>
    <test name="Default test" duration-ms="18822" started-at="2018-08-15T06:09:16Z" finished-at="2018-08-15T06:09:35Z">
      <class name="basics.Day_10">
        <test-method status="PASS" signature="htmlUnitDriver()[pri:0, instance:basics.Day_10@29b5cd00]" name="htmlUnitDriver" duration-ms="18762" started-at="2018-08-15T06:09:16Z" finished-at="2018-08-15T06:09:35Z">
          <reporter-output>
          </reporter-output>
        </test-method> <!-- htmlUnitDriver -->
      </class> <!-- basics.Day_10 -->
    </test> <!-- Default test -->
  </suite> <!-- Default suite -->
</testng-results>
